<?xml version="1.0" encoding="UTF-8"?>
<!-- Generated by org.testng.reporters.JUnitReportReporter -->
<testsuite hostname="Vaishali" failures="0" tests="1" name="testCases.TC002_LoginTest" time="2.851" errors="0" timestamp="2025-05-24T21:30:57 IST" skipped="0">
  <testcase classname="testCases.TC002_LoginTest" name="verify_login" time="2.851"/>
</testsuite> <!-- testCases.TC002_LoginTest -->
